Arguments: 
  C:\Program Files\nodejs\node.exe C:\Program Files (x86)\Yarn\bin\yarn.js add git-commit-msg-linter

PATH: 
  C:\Program Files\Git\mingw64\bin;C:\Program Files\Git\usr\bin;C:\Users\pedro\bin;C:\WINDOWS\system32;C:\WINDOWS;C:\WINDOWS\System32\Wbem;C:\WINDOWS\System32\WindowsPowerShell\v1.0;C:\WINDOWS\System32\OpenSSH;C:\Program Files (x86)\Yarn\bin;C:\Dev;C:\Dev\Program Files\nodejs;C:\Program Files\nodejs;C:\Program Files\Git\cmd;C:\Users\pedro\AppData\Local\Microsoft\WindowsApps;C:\Users\pedro\AppData\Local\Programs\Microsoft VS Code\bin;C:\Dev;C:\Dev\Program Files\nodejs;C:\Users\pedro\AppData\Roaming\npm

Yarn version: 
  1.22.4

Node version: 
  12.16.3

Platform: 
  win32 x64

Trace: 
  Error: ENOENT: no such file or directory, copyfile 'C:\Users\pedro\AppData\Local\Yarn\Cache\v6\npm-array-union-2.1.0-b798420adbeb1de828d84acd8a2e23d3efe85e8d-integrity\node_modules\array-union\index.js' -> 'C:\Users\pedro\Documents\Code\Estudo\clean-react\node_modules\@typescript-eslint\typescript-estree\node_modules\array-union\index.js'

npm manifest: 
  {
    "name": "clean-react",
    "version": "1.1.0",
    "description": "",
    "main": "index.js",
    "scripts": {
      "start": "webpack-dev-server --open",
      "test": "jest --passWithNoTests --no-cache --runInBand",
      "test:watch": "pnpm test -- --watch",
      "test:staged": "pnpm test -- --findRelatedTests",
      "test:ci": "pnpm test -- --coverage",
      "check": "pnpm-check -u -s"
    },
    "keywords": [],
    "author": "",
    "license": "ISC",
    "devDependencies": {
      "@testing-library/react": "^11.2.2",
      "@types/axios": "^0.14.0",
      "@types/faker": "^5.1.5",
      "@types/jest": "^26.0.19",
      "@types/node": "^14.14.12",
      "@types/react": "^17.0.0",
      "@types/react-dom": "^17.0.0",
      "@types/react-router-dom": "^5.1.6",
      "@typescript-eslint/eslint-plugin": "^4.9.1",
      "clean-webpack-plugin": "^3.0.0",
      "css-loader": "^5.0.1",
      "eslint": "^7.15.0",
      "eslint-config-standard-with-typescript": "^19.0.1",
      "eslint-plugin-import": "^2.22.0",
      "eslint-plugin-node": "^11.1.0",
      "eslint-plugin-promise": "^4.2.1",
      "eslint-plugin-react": "^7.21.5",
      "eslint-plugin-standard": "^5.0.0",
      "faker": "^5.1.0",
      "identity-obj-proxy": "^3.0.0",
      "jest": "^26.6.3",
      "jest-localstorage-mock": "^2.4.3",
      "node-sass": "^5.0.0",
      "sass-loader": "^10.1.0",
      "style-loader": "^2.0.0",
      "ts-jest": "^26.4.4",
      "ts-loader": "^8.0.11",
      "typescript": "^4.1.2",
      "webpack": "^5.10.0",
      "webpack-cli": "^4.2.0",
      "webpack-dev-server": "^3.11.0"
    },
    "dependencies": {
      "axios": "^0.21.0",
      "husky": "^4.3.5",
      "lint-staged": "^10.5.3",
      "react": "^17.0.1",
      "react-dom": "^17.0.1",
      "react-router-dom": "^5.2.0"
    }
  }

yarn manifest: 
  No manifest

Lockfile: 
  No lockfile
